<?xml version="1.0" encoding="UTF-8"?>
<!-- Generated by org.testng.reporters.JUnitReportReporter -->
<testsuite skipped="0" hostname="LAPTOP-NJ2RUBPG" name="mavenProject.Google" tests="1" failures="0" timestamp="07 Mar 2019 09:55:13 GMT" time="0.019" errors="0">
  <testcase name="LaunchTest" time="0.019" classname="mavenProject.Google"/>
</testsuite> <!-- mavenProject.Google -->
